<?xml version="1.0" encoding="UTF-8"?>
<testng-results ignored="0" total="1" passed="1" failed="0" skipped="0">
  <reporter-output>
  </reporter-output>
  <suite started-at="2025-05-23T15:09:24 IST" name="Default suite" finished-at="2025-05-23T15:09:27 IST" duration-ms="2429">
    <groups>
    </groups>
    <test started-at="2025-05-23T15:09:24 IST" name="Default test" finished-at="2025-05-23T15:09:27 IST" duration-ms="2429">
      <class name="com.api.tests.LoginAPITest">
        <test-method signature="loginTest()[pri:0, instance:com.api.tests.LoginAPITest@40a4337a]" started-at="2025-05-23T15:09:24 IST" name="loginTest" finished-at="2025-05-23T15:09:27 IST" duration-ms="2375" status="PASS">
          <reporter-output>
          </reporter-output>
        </test-method> <!-- loginTest -->
      </class> <!-- com.api.tests.LoginAPITest -->
    </test> <!-- Default test -->
  </suite> <!-- Default suite -->
</testng-results>
