<?xml version="1.0" encoding="UTF-8"?>
<testng-results ignored="0" total="1" passed="1" failed="0" skipped="0">
  <reporter-output>
  </reporter-output>
  <suite started-at="2025-05-18T23:19:43 IST" name="Surefire suite" finished-at="2025-05-18T23:19:45 IST" duration-ms="1817">
    <groups>
    </groups>
    <test started-at="2025-05-18T23:19:43 IST" name="Surefire test" finished-at="2025-05-18T23:19:45 IST" duration-ms="1817">
      <class name="com.api.tests.LoginAPITest">
        <test-method signature="loginTest()[pri:0, instance:com.api.tests.LoginAPITest@23f7d05d]" started-at="2025-05-18T23:19:43 IST" name="loginTest" finished-at="2025-05-18T23:19:45 IST" duration-ms="1782" status="PASS">
          <reporter-output>
          </reporter-output>
        </test-method> <!-- loginTest -->
      </class> <!-- com.api.tests.LoginAPITest -->
    </test> <!-- Surefire test -->
  </suite> <!-- Surefire suite -->
</testng-results>
