<?xml version="1.0" encoding="UTF-8"?>
<testsuite xmlns:xsi="http://www.w3.org/2001/XMLSchema-instance" xsi:noNamespaceSchemaLocation="https://maven.apache.org/surefire/maven-surefire-plugin/xsd/surefire-test-report-3.0.xsd" version="3.0" name="com.api.tests.LoginAPITest" time="2.236" tests="1" errors="0" skipped="0" failures="0">
  <properties>
[...]
</properties>
  <testcase name="loginTest" classname="com.api.tests.LoginAPITest" time="1.782">
    <system-out><![CDATA[{
    "token": "eyJhbGciOiJIUzI1NiJ9.eyJzdWIiOiJUZXN0ZXJSYW0iLCJpYXQiOjE3NDc1OTA1ODUsImV4cCI6MTc0NzU5NDE4NX0.ivRqpwBnk-rFg8aJDy3ugXckuKUCUlGbmYkO9v-Qi3M",
    "type": "Bearer",
    "id": 1312,
    "username": "TesterRam",
    "email": "testerram@gmail.com",
    "roles": [
        "ROLE_USER"
    ]
}
testerram@gmail.com
eyJhbGciOiJIUzI1NiJ9.eyJzdWIiOiJUZXN0ZXJSYW0iLCJpYXQiOjE3NDc1OTA1ODUsImV4cCI6MTc0NzU5NDE4NX0.ivRqpwBnk-rFg8aJDy3ugXckuKUCUlGbmYkO9v-Qi3M
]]></system-out>
    <system-err><![CDATA[SLF4J: Failed to load class "org.slf4j.impl.StaticLoggerBinder".
SLF4J: Defaulting to no-operation (NOP) logger implementation
SLF4J: See http://www.slf4j.org/codes.html#StaticLoggerBinder for further details.
]]></system-err>
  </testcase>
</testsuite>